# Logfile created on Tue Oct 20 11:51:26 +0530 2009  [4;36;1mSQL (0.2ms)[0m   [0;1mSET SQL_AUTO_IS_NULL=0[0m
  [4;35;1mUser Columns (1.7ms)[0m   [0mSHOW FIELDS FROM `users`[0m
  [4;36;1mSQL (0.2ms)[0m   [0;1mBEGIN[0m
  [4;35;1mSQL (0.2ms)[0m   [0mSAVEPOINT active_record_1[0m
  [4;36;1mUser Load (0.4ms)[0m   [0;1mSELECT `users`.id FROM `users` WHERE (`users`.`email` = BINARY 'abc@example.com') LIMIT 1[0m
  [4;35;1mUser Load (0.4ms)[0m   [0mSELECT `users`.id FROM `users` WHERE (`users`.`persistence_token` = BINARY '60425ecf6426889f3b8de1661a46992163710b33c98b92a0a8960632c8058a03533f2b6da5bfb2bd687c4f47f402a2aabb7bc0a94028d2adac98d911054fc2e9') LIMIT 1[0m
  [4;36;1mUser Load (0.3ms)[0m   [0;1mSELECT `users`.id FROM `users` WHERE (`users`.`single_access_token` = BINARY 'Sx5hPM2ltFk_zgi5FTQX') LIMIT 1[0m
  [4;35;1mUser Create (0.4ms)[0m   [0mINSERT INTO `users` (`single_access_token`, `last_request_at`, `created_at`, `crypted_password`, `perishable_token`, `updated_at`, `failed_login_count`, `current_login_ip`, `password_salt`, `current_login_at`, `persistence_token`, `login_count`, `last_login_ip`, `last_login_at`, `email`) VALUES('Sx5hPM2ltFk_zgi5FTQX', NULL, '2009-10-20 06:21:32', 'd1ebf04d97d1eb820d63e1d6a414de79812aa3966091184d0439f098387ad2cf4a6c5d8d42c5916084f5839dd31150811bd27a8e4e2d29b18823c81eb2983db6', 'Py6Y0W9daZB1t4jjvWr1', '2009-10-20 06:21:32', 0, NULL, 'b3U9K_YwS1q9wF03xN6T', NULL, '60425ecf6426889f3b8de1661a46992163710b33c98b92a0a8960632c8058a03533f2b6da5bfb2bd687c4f47f402a2aabb7bc0a94028d2adac98d911054fc2e9', 0, NULL, NULL, 'abc@example.com')[0m
  [4;36;1mSQL (0.1ms)[0m   [0;1mRELEASE SAVEPOINT active_record_1[0m
  [4;35;1mUser Load (0.4ms)[0m   [0mSELECT * FROM `users` WHERE (`users`.`id` = 1) [0m
REQUESTING PAGE: GET /user_session/new with {} and HTTP headers {}


Processing UserSessionsController#new (for 127.0.0.1 at 2009-10-20 11:51:32) [GET]
  Parameters: {"action"=>"new", "controller"=>"user_sessions"}
Rendering template within layouts/application
Rendering user_sessions/new
Completed in 32ms (View: 23, DB: 4) | 200 OK [http://www.example.com/user_session/new]
REQUESTING PAGE: POST /user_session with {"commit"=>"Login", "user_session"=>{"remember_me"=>"0", "password"=>"password", "email"=>"abc@example.com"}} and HTTP headers {"HTTP_REFERER"=>"/user_session/new"}


Processing UserSessionsController#create (for 127.0.0.1 at 2009-10-20 11:51:32) [POST]
  Parameters: {"commit"=>"Login", "user_session"=>{"remember_me"=>"0", "password"=>"[FILTERED]", "email"=>"abc@example.com"}, "action"=>"create", "controller"=>"user_sessions"}
  [4;36;1mUser Load (0.5ms)[0m   [0;1mSELECT * FROM `users` WHERE (LOWER(`users`.email) = 'abc@example.com') LIMIT 1[0m
  [4;35;1mSQL (0.1ms)[0m   [0mSAVEPOINT active_record_1[0m
  [4;36;1mUser Update (0.4ms)[0m   [0;1mUPDATE `users` SET `updated_at` = '2009-10-20 06:21:32', `perishable_token` = 'pfWsTqcST-z1XbUWyKL0', `current_login_at` = '2009-10-20 06:21:32', `login_count` = 1, `current_login_ip` = '127.0.0.1', `last_request_at` = '2009-10-20 06:21:32' WHERE `id` = 1[0m
  [4;35;1mSQL (0.1ms)[0m   [0mRELEASE SAVEPOINT active_record_1[0m
Redirected to http://www.example.com/account
Completed in 284ms (DB: 1) | 302 Found [http://www.example.com/user_session]
REQUESTING PAGE: GET http://www.example.com/account with {} and HTTP headers {"HTTP_REFERER"=>"/user_session"}


Processing UsersController#show (for 127.0.0.1 at 2009-10-20 11:51:33) [GET]
  Parameters: {"action"=>"show", "controller"=>"users"}
  [4;36;1mUser Load (0.4ms)[0m   [0;1mSELECT * FROM `users` WHERE (`users`.`id` = '1') LIMIT 1[0m
  [4;35;1mSQL (0.2ms)[0m   [0mSAVEPOINT active_record_1[0m
  [4;36;1mUser Update (0.4ms)[0m   [0;1mUPDATE `users` SET `updated_at` = '2009-10-20 06:21:33', `perishable_token` = '68fkZ08aG3x97aiLHXju', `last_request_at` = '2009-10-20 06:21:33' WHERE `id` = 1[0m
  [4;35;1mSQL (0.1ms)[0m   [0mRELEASE SAVEPOINT active_record_1[0m
Rendering template within layouts/application
Rendering users/show
Completed in 27ms (View: 9, DB: 1) | 200 OK [http://www.example.com/account]
  [4;36;1mSQL (6.9ms)[0m   [0;1mROLLBACK[0m
  [4;35;1mSQL (0.1ms)[0m   [0mBEGIN[0m
REQUESTING PAGE: GET /users/new with {} and HTTP headers {}


Processing UsersController#new (for 127.0.0.1 at 2009-10-20 11:51:33) [GET]
  Parameters: {"action"=>"new", "controller"=>"users"}
Rendering template within layouts/application
Rendering users/new
Rendered users/_form (7.8ms)
Completed in 22ms (View: 19, DB: 7) | 200 OK [http://www.example.com/users/new]
REQUESTING PAGE: POST /account with {"commit"=>"Register", "user"=>{"password_confirmation"=>"password", "password"=>"password", "email"=>"abc@example.com"}} and HTTP headers {"HTTP_REFERER"=>"/users/new"}


Processing UsersController#create (for 127.0.0.1 at 2009-10-20 11:51:33) [POST]
  Parameters: {"commit"=>"Register", "action"=>"create", "controller"=>"users", "user"=>{"password_confirmation"=>"[FILTERED]", "password"=>"[FILTERED]", "email"=>"abc@example.com"}}
  [4;36;1mSQL (0.2ms)[0m   [0;1mSAVEPOINT active_record_1[0m
  [4;35;1mUser Load (0.8ms)[0m   [0mSELECT `users`.id FROM `users` WHERE (`users`.`email` = BINARY 'abc@example.com') LIMIT 1[0m
  [4;36;1mUser Load (0.8ms)[0m   [0;1mSELECT `users`.id FROM `users` WHERE (`users`.`persistence_token` = BINARY '53ee62048063f682467804b4d2b4dc334aa9fb29749d9986348970a3e561e007e5be38088e9357d18ef9658114ce9d0006983ddbc80dfedfe416b3a94bc965a1') LIMIT 1[0m
  [4;35;1mUser Load (0.4ms)[0m   [0mSELECT `users`.id FROM `users` WHERE (`users`.`single_access_token` = BINARY '5ZlXLcTc-rdHndFEpnmo') LIMIT 1[0m
  [4;36;1mUser Create (0.6ms)[0m   [0;1mINSERT INTO `users` (`single_access_token`, `last_request_at`, `created_at`, `crypted_password`, `perishable_token`, `updated_at`, `failed_login_count`, `current_login_ip`, `password_salt`, `current_login_at`, `persistence_token`, `login_count`, `last_login_ip`, `last_login_at`, `email`) VALUES('5ZlXLcTc-rdHndFEpnmo', '2009-10-20 06:21:33', '2009-10-20 06:21:33', 'b24f6e8f89432654eacf117e83f76066b353304607e935a92c76f862d73472a1cfaaf7df7c85f4144fd7fa32e3f6d20d5f4a3012584161442b70b7e6e7207b2c', 'mb6Bqf77XdrhaOOL-OWE', '2009-10-20 06:21:33', 0, '127.0.0.1', 'Fs8N9JvT1AYCfce-nyiD', '2009-10-20 06:21:33', '53ee62048063f682467804b4d2b4dc334aa9fb29749d9986348970a3e561e007e5be38088e9357d18ef9658114ce9d0006983ddbc80dfedfe416b3a94bc965a1', 1, NULL, NULL, 'abc@example.com')[0m
  [4;35;1mSQL (0.1ms)[0m   [0mRELEASE SAVEPOINT active_record_1[0m
Redirected to http://www.example.com/account
Completed in 25ms (DB: 3) | 302 Found [http://www.example.com/account]
REQUESTING PAGE: GET http://www.example.com/account with {} and HTTP headers {"HTTP_REFERER"=>"/account"}


Processing UsersController#show (for 127.0.0.1 at 2009-10-20 11:51:33) [GET]
  Parameters: {"action"=>"show", "controller"=>"users"}
  [4;36;1mUser Load (0.5ms)[0m   [0;1mSELECT * FROM `users` WHERE (`users`.`persistence_token` = '53ee62048063f682467804b4d2b4dc334aa9fb29749d9986348970a3e561e007e5be38088e9357d18ef9658114ce9d0006983ddbc80dfedfe416b3a94bc965a1') LIMIT 1[0m
  [4;35;1mSQL (0.1ms)[0m   [0mSAVEPOINT active_record_1[0m
  [4;36;1mUser Update (0.4ms)[0m   [0;1mUPDATE `users` SET `updated_at` = '2009-10-20 06:21:33', `perishable_token` = '9AIiTrkNk_sZbKusxAq3', `last_request_at` = '2009-10-20 06:21:33' WHERE `id` = 2[0m
  [4;35;1mSQL (0.1ms)[0m   [0mRELEASE SAVEPOINT active_record_1[0m
Rendering template within layouts/application
Rendering users/show
Completed in 14ms (View: 4, DB: 1) | 200 OK [http://www.example.com/account]
  [4;36;1mSQL (0.6ms)[0m   [0;1mROLLBACK[0m
  [4;36;1mSQL (0.2ms)[0m   [0;1mSET SQL_AUTO_IS_NULL=0[0m
  [4;35;1mUser Columns (2.0ms)[0m   [0mSHOW FIELDS FROM `users`[0m
